{"level":"info","message":"Server running at http://localhost:3000","service":"application-service"}
{"level":"info","message":"Incoming request: GET /","service":"application-service"}
{"level":"info","message":"Incoming request: GET /scripts.js","service":"application-service"}
{"level":"info","message":"Incoming request: GET /styles.css","service":"application-service"}
{"level":"info","message":"Incoming request: GET /images/d1.jpg","service":"application-service"}
{"level":"info","message":"Incoming request: GET /images/icon1.png","service":"application-service"}
{"level":"info","message":"Incoming request: GET /login.html","service":"application-service"}
{"level":"info","message":"Incoming request: GET /styles.css","service":"application-service"}
{"level":"info","message":"Incoming request: POST /api/login","service":"application-service"}
{"level":"info","message":"Server running at http://localhost:3000","service":"application-service"}
{"level":"info","message":"Incoming request: GET /","service":"application-service"}
{"level":"info","message":"Incoming request: GET /scripts.js","service":"application-service"}
{"level":"info","message":"Incoming request: GET /styles.css","service":"application-service"}
{"level":"info","message":"Incoming request: GET /images/icon1.png","service":"application-service"}
{"level":"info","message":"Incoming request: GET /images/d1.jpg","service":"application-service"}
{"level":"info","message":"Server running at http://localhost:3000","service":"application-service"}
{"level":"info","message":"Incoming request: GET /","service":"application-service"}
{"level":"info","message":"Incoming request: GET /scripts.js","service":"application-service"}
{"level":"info","message":"Incoming request: GET /styles.css","service":"application-service"}
{"level":"info","message":"Incoming request: GET /images/d1.jpg","service":"application-service"}
{"level":"info","message":"Incoming request: GET /images/icon1.png","service":"application-service"}
{"level":"info","message":"Incoming request: GET /login.html","service":"application-service"}
{"level":"info","message":"Incoming request: GET /styles.css","service":"application-service"}
{"level":"info","message":"Incoming request: POST /api/login","service":"application-service"}
{"level":"info","message":"Incoming request: POST /api/login","service":"application-service"}
{"level":"info","message":"Incoming request: POST /api/login","service":"application-service"}
{"level":"info","message":"Incoming request: POST /api/login","service":"application-service"}
{"level":"info","message":"Incoming request: POST /api/login","service":"application-service"}
{"level":"info","message":"Incoming request: GET /signup.html","service":"application-service"}
{"level":"info","message":"Incoming request: GET /styles.css","service":"application-service"}
{"level":"info","message":"Incoming request: POST /api/signup","service":"application-service"}
{"level":"info","message":"Incoming request: GET /login.html","service":"application-service"}
{"level":"info","message":"Incoming request: GET /styles.css","service":"application-service"}
{"level":"info","message":"Incoming request: POST /api/login","service":"application-service"}
{"level":"info","message":"Server running at http://localhost:3000","service":"application-service"}
{"level":"info","message":"Incoming request: GET /","service":"application-service"}
{"level":"info","message":"Incoming request: GET /scripts.js","service":"application-service"}
{"level":"info","message":"Incoming request: GET /styles.css","service":"application-service"}
{"level":"info","message":"Incoming request: GET /images/d1.jpg","service":"application-service"}
{"level":"info","message":"Incoming request: GET /images/icon1.png","service":"application-service"}
{"level":"info","message":"Server running at http://localhost:3000","service":"application-service"}
{"level":"info","message":"Incoming request: GET /","service":"application-service"}
{"level":"info","message":"Incoming request: GET /scripts.js","service":"application-service"}
{"level":"info","message":"Incoming request: GET /styles.css","service":"application-service"}
{"level":"info","message":"Incoming request: GET /images/d1.jpg","service":"application-service"}
{"level":"info","message":"Incoming request: GET /images/icon1.png","service":"application-service"}
{"level":"info","message":"Incoming request: GET /login.html","service":"application-service"}
{"level":"info","message":"Incoming request: GET /styles.css","service":"application-service"}
{"level":"info","message":"Incoming request: GET /signup.html","service":"application-service"}
{"level":"info","message":"Incoming request: GET /styles.css","service":"application-service"}
{"level":"info","message":"Incoming request: GET /api/search?term=ssss","service":"application-service"}
{"level":"info","message":"Server running at http://localhost:3000","service":"application-service"}
{"level":"info","message":"Incoming request: GET /","service":"application-service"}
{"level":"info","message":"Incoming request: GET /scripts.js","service":"application-service"}
{"level":"info","message":"Incoming request: GET /styles.css","service":"application-service"}
{"level":"info","message":"Incoming request: GET /images/d1.jpg","service":"application-service"}
{"level":"info","message":"Incoming request: GET /images/icon1.png","service":"application-service"}
{"level":"info","message":"Incoming request: GET /login.html","service":"application-service"}
{"level":"info","message":"Incoming request: GET /styles.css","service":"application-service"}
{"level":"info","message":"Incoming request: POST /api/login","service":"application-service"}
{"level":"info","message":"Server running at http://localhost:3000","service":"application-service"}
{"level":"info","message":"Incoming request: GET /","service":"application-service"}
{"level":"info","message":"Incoming request: GET /scripts.js","service":"application-service"}
{"level":"info","message":"Incoming request: GET /styles.css","service":"application-service"}
{"level":"info","message":"Incoming request: GET /images/d1.jpg","service":"application-service"}
{"level":"info","message":"Incoming request: GET /images/icon1.png","service":"application-service"}
{"level":"info","message":"Incoming request: GET /login.html","service":"application-service"}
{"level":"info","message":"Incoming request: GET /styles.css","service":"application-service"}
{"level":"info","message":"Incoming request: POST /api/login","service":"application-service"}
{"level":"info","message":"Incoming request: GET /login.html","service":"application-service"}
{"level":"info","message":"Incoming request: GET /styles.css","service":"application-service"}
{"level":"info","message":"Incoming request: POST /api/login","service":"application-service"}
{"level":"info","message":"Incoming request: GET /login.html","service":"application-service"}
{"level":"info","message":"Incoming request: GET /styles.css","service":"application-service"}
{"level":"info","message":"Incoming request: GET /signup.html","service":"application-service"}
{"level":"info","message":"Incoming request: GET /styles.css","service":"application-service"}
{"level":"info","message":"Incoming request: POST /api/signup","service":"application-service"}
{"level":"info","message":"Incoming request: GET /api/login.html","service":"application-service"}
{"level":"info","message":"Incoming request: POST /api/login","service":"application-service"}
{"level":"info","message":"Incoming request: POST /api/login","service":"application-service"}
{"level":"info","message":"Incoming request: GET /login.html","service":"application-service"}
{"level":"info","message":"Incoming request: GET /styles.css","service":"application-service"}
{"level":"info","message":"Incoming request: POST /api/login","service":"application-service"}
{"level":"info","message":"Incoming request: GET /login.html","service":"application-service"}
{"level":"info","message":"Incoming request: GET /styles.css","service":"application-service"}
{"level":"info","message":"Incoming request: GET /signup.html","service":"application-service"}
{"level":"info","message":"Incoming request: GET /styles.css","service":"application-service"}
{"level":"info","message":"Incoming request: POST /api/signup","service":"application-service"}
{"level":"info","message":"Incoming request: GET /api/login.html","service":"application-service"}
{"level":"info","message":"Incoming request: GET /login.html","service":"application-service"}
{"level":"info","message":"Incoming request: GET /styles.css","service":"application-service"}
{"level":"info","message":"Incoming request: POST /api/login","service":"application-service"}
{"level":"info","message":"Incoming request: GET /welcome.html?username=test123","service":"application-service"}
{"level":"info","message":"Incoming request: GET /styles.css","service":"application-service"}
{"level":"info","message":"Incoming request: GET /index.html","service":"application-service"}
{"level":"info","message":"Incoming request: GET /scripts.js","service":"application-service"}
{"level":"info","message":"Incoming request: GET /styles.css","service":"application-service"}
{"level":"info","message":"Incoming request: GET /images/icon1.png","service":"application-service"}
{"level":"info","message":"Incoming request: GET /images/d1.jpg","service":"application-service"}
{"level":"info","message":"Incoming request: GET /login.html","service":"application-service"}
{"level":"info","message":"Incoming request: GET /styles.css","service":"application-service"}
{"level":"info","message":"Incoming request: POST /api/login","service":"application-service"}
{"level":"info","message":"Incoming request: GET /welcome.html?username=test123","service":"application-service"}
{"level":"info","message":"Incoming request: GET /styles.css","service":"application-service"}
{"level":"info","message":"Server running at http://localhost:3000","service":"application-service"}
{"level":"info","message":"Incoming request: GET /","service":"application-service"}
{"level":"info","message":"Incoming request: GET /scripts.js","service":"application-service"}
{"level":"info","message":"Incoming request: GET /styles.css","service":"application-service"}
{"level":"info","message":"Incoming request: GET /images/d1.jpg","service":"application-service"}
{"level":"info","message":"Incoming request: GET /images/icon1.png","service":"application-service"}
{"level":"info","message":"Incoming request: GET /login.html","service":"application-service"}
{"level":"info","message":"Incoming request: GET /styles.css","service":"application-service"}
{"level":"info","message":"Incoming request: POST /api/login","service":"application-service"}
{"level":"info","message":"Incoming request: GET /welcome.html?username=test123","service":"application-service"}
{"level":"info","message":"Incoming request: GET /styles.css","service":"application-service"}
{"level":"info","message":"Incoming request: GET /index.html","service":"application-service"}
{"level":"info","message":"Incoming request: GET /scripts.js","service":"application-service"}
{"level":"info","message":"Incoming request: GET /styles.css","service":"application-service"}
{"level":"info","message":"Incoming request: GET /images/d1.jpg","service":"application-service"}
{"level":"info","message":"Incoming request: GET /images/icon1.png","service":"application-service"}
{"level":"info","message":"Incoming request: GET /api/search?term=sss","service":"application-service"}
{"level":"info","message":"Incoming request: GET /","service":"application-service"}
{"level":"info","message":"Incoming request: GET /scripts.js","service":"application-service"}
{"level":"info","message":"Incoming request: GET /styles.css","service":"application-service"}
{"level":"info","message":"Incoming request: GET /images/icon1.png","service":"application-service"}
{"level":"info","message":"Incoming request: GET /images/d1.jpg","service":"application-service"}
{"level":"info","message":"Incoming request: GET /api/search?term=%3Cscript%3Ealert%28%29%3C%2Fscript%3E","service":"application-service"}
{"level":"info","message":"Incoming request: GET /","service":"application-service"}
{"level":"info","message":"Incoming request: GET /scripts.js","service":"application-service"}
{"level":"info","message":"Incoming request: GET /styles.css","service":"application-service"}
{"level":"info","message":"Incoming request: GET /images/d1.jpg","service":"application-service"}
{"level":"info","message":"Incoming request: GET /images/icon1.png","service":"application-service"}
{"level":"info","message":"Incoming request: GET /signup.html","service":"application-service"}
{"level":"info","message":"Incoming request: GET /styles.css","service":"application-service"}
{"level":"info","message":"Incoming request: GET /login.html","service":"application-service"}
{"level":"info","message":"Incoming request: GET /styles.css","service":"application-service"}
{"level":"info","message":"Incoming request: POST /api/login","service":"application-service"}
{"level":"info","message":"Incoming request: GET /login.html","service":"application-service"}
{"level":"info","message":"Incoming request: GET /styles.css","service":"application-service"}
{"level":"info","message":"Incoming request: GET /signup.html","service":"application-service"}
{"level":"info","message":"Incoming request: GET /styles.css","service":"application-service"}
{"level":"info","message":"Incoming request: POST /api/signup","service":"application-service"}
{"level":"info","message":"Incoming request: GET /api/login.html","service":"application-service"}
{"level":"info","message":"Incoming request: GET /login.html","service":"application-service"}
{"level":"info","message":"Incoming request: GET /styles.css","service":"application-service"}
{"level":"info","message":"Incoming request: POST /api/login","service":"application-service"}
{"level":"info","message":"Incoming request: GET /welcome.html?username=password@123","service":"application-service"}
{"level":"info","message":"Incoming request: GET /styles.css","service":"application-service"}
{"level":"info","message":"Incoming request: GET /index.html","service":"application-service"}
{"level":"info","message":"Incoming request: GET /scripts.js","service":"application-service"}
{"level":"info","message":"Incoming request: GET /styles.css","service":"application-service"}
{"level":"info","message":"Incoming request: GET /images/d1.jpg","service":"application-service"}
{"level":"info","message":"Incoming request: GET /images/icon1.png","service":"application-service"}
{"level":"info","message":"Incoming request: GET /login.html","service":"application-service"}
{"level":"info","message":"Incoming request: GET /styles.css","service":"application-service"}
{"level":"info","message":"Incoming request: POST /api/login","service":"application-service"}
{"level":"info","message":"Incoming request: GET /welcome.html?username=password@123","service":"application-service"}
{"level":"info","message":"Incoming request: GET /styles.css","service":"application-service"}
{"level":"info","message":"Incoming request: GET /index.html","service":"application-service"}
{"level":"info","message":"Incoming request: GET /scripts.js","service":"application-service"}
{"level":"info","message":"Incoming request: GET /styles.css","service":"application-service"}
{"level":"info","message":"Incoming request: GET /images/d1.jpg","service":"application-service"}
{"level":"info","message":"Incoming request: GET /images/icon1.png","service":"application-service"}
{"level":"info","message":"Server running at http://localhost:3000","service":"application-service"}
{"level":"info","message":"Incoming request: GET /","service":"application-service"}
{"level":"info","message":"Incoming request: GET /scripts.js","service":"application-service"}
{"level":"info","message":"Incoming request: GET /styles.css","service":"application-service"}
{"level":"info","message":"Incoming request: GET /images/d1.jpg","service":"application-service"}
{"level":"info","message":"Incoming request: GET /images/icon1.png","service":"application-service"}
{"level":"info","message":"Incoming request: GET /api/search?term=sss","service":"application-service"}
{"level":"info","message":"Incoming request: GET /","service":"application-service"}
{"level":"info","message":"Incoming request: GET /scripts.js","service":"application-service"}
{"level":"info","message":"Incoming request: GET /styles.css","service":"application-service"}
{"level":"info","message":"Incoming request: GET /images/d1.jpg","service":"application-service"}
{"level":"info","message":"Incoming request: GET /images/icon1.png","service":"application-service"}
{"level":"info","message":"Incoming request: GET /styles.css","service":"application-service"}
{"level":"info","message":"Incoming request: GET /","service":"application-service"}
{"level":"info","message":"Incoming request: GET /scripts.js","service":"application-service"}
{"level":"info","message":"Incoming request: GET /styles.css","service":"application-service"}
{"level":"info","message":"Incoming request: GET /images/icon1.png","service":"application-service"}
{"level":"info","message":"Incoming request: GET /images/d1.jpg","service":"application-service"}
{"level":"info","message":"Incoming request: GET /styles.css","service":"application-service"}
{"level":"info","message":"Server running at http://localhost:3000","service":"application-service"}
{"level":"info","message":"Incoming request: GET /","service":"application-service"}
{"level":"info","message":"Incoming request: GET /scripts.js","service":"application-service"}
{"level":"info","message":"Incoming request: GET /styles.css","service":"application-service"}
{"level":"info","message":"Incoming request: GET /images/d1.jpg","service":"application-service"}
{"level":"info","message":"Incoming request: GET /images/icon1.png","service":"application-service"}
{"level":"info","message":"Incoming request: GET /regestration.html","service":"application-service"}
{"level":"info","message":"Incoming request: GET /styles.css","service":"application-service"}
{"level":"info","message":"Incoming request: GET /scripts.js","service":"application-service"}
{"level":"info","message":"Incoming request: GET /api/search?term=www","service":"application-service"}
{"level":"info","message":"Incoming request: GET /","service":"application-service"}
{"level":"info","message":"Incoming request: GET /scripts.js","service":"application-service"}
{"level":"info","message":"Incoming request: GET /styles.css","service":"application-service"}
{"level":"info","message":"Incoming request: GET /images/d1.jpg","service":"application-service"}
{"level":"info","message":"Incoming request: GET /images/icon1.png","service":"application-service"}
{"level":"info","message":"Incoming request: GET /regestration.html","service":"application-service"}
{"level":"info","message":"Incoming request: GET /styles.css","service":"application-service"}
{"level":"info","message":"Incoming request: GET /scripts.js","service":"application-service"}
{"level":"info","message":"Incoming request: POST /api/register","service":"application-service"}
{"level":"info","message":"Server running at http://localhost:3000","service":"application-service"}
{"level":"info","message":"Incoming request: GET /","service":"application-service"}
{"level":"info","message":"Incoming request: GET /scripts.js","service":"application-service"}
{"level":"info","message":"Incoming request: GET /styles.css","service":"application-service"}
{"level":"info","message":"Incoming request: GET /images/d1.jpg","service":"application-service"}
{"level":"info","message":"Incoming request: GET /images/icon1.png","service":"application-service"}
{"level":"info","message":"Incoming request: GET /login.html","service":"application-service"}
{"level":"info","message":"Incoming request: GET /styles.css","service":"application-service"}
{"level":"info","message":"Incoming request: POST /api/login","service":"application-service"}
{"level":"info","message":"Incoming request: GET /login.html","service":"application-service"}
{"level":"info","message":"Incoming request: GET /styles.css","service":"application-service"}
{"level":"info","message":"Incoming request: POST /api/login","service":"application-service"}
{"level":"info","message":"Incoming request: GET /welcome.html?username=test123","service":"application-service"}
{"level":"info","message":"Incoming request: GET /styles.css","service":"application-service"}
{"level":"info","message":"Incoming request: GET /index.html","service":"application-service"}
{"level":"info","message":"Incoming request: GET /scripts.js","service":"application-service"}
{"level":"info","message":"Incoming request: GET /styles.css","service":"application-service"}
{"level":"info","message":"Incoming request: GET /images/d1.jpg","service":"application-service"}
{"level":"info","message":"Incoming request: GET /images/icon1.png","service":"application-service"}
{"level":"info","message":"Server running at http://localhost:3000","service":"application-service"}
{"level":"info","message":"Incoming request: GET /","service":"application-service"}
{"level":"info","message":"Incoming request: GET /scripts.js","service":"application-service"}
{"level":"info","message":"Incoming request: GET /styles.css","service":"application-service"}
{"level":"info","message":"Incoming request: GET /images/d1.jpg","service":"application-service"}
{"level":"info","message":"Incoming request: GET /images/icon1.png","service":"application-service"}
{"level":"info","message":"Incoming request: GET /login.html","service":"application-service"}
{"level":"info","message":"Incoming request: GET /styles.css","service":"application-service"}
{"level":"info","message":"Incoming request: POST /api/login","service":"application-service"}
{"level":"info","message":"Incoming request: GET /welcome.html?username=test123","service":"application-service"}
{"level":"info","message":"Incoming request: GET /styles.css","service":"application-service"}
{"level":"info","message":"Incoming request: GET /index.html","service":"application-service"}
{"level":"info","message":"Incoming request: GET /scripts.js","service":"application-service"}
{"level":"info","message":"Incoming request: GET /styles.css","service":"application-service"}
{"level":"info","message":"Incoming request: GET /images/d1.jpg","service":"application-service"}
{"level":"info","message":"Incoming request: GET /images/icon1.png","service":"application-service"}
{"level":"info","message":"Incoming request: GET /api/search?term=Mediacal+service","service":"application-service"}
{"level":"info","message":"Incoming request: GET /","service":"application-service"}
{"level":"info","message":"Incoming request: GET /scripts.js","service":"application-service"}
{"level":"info","message":"Incoming request: GET /styles.css","service":"application-service"}
{"level":"info","message":"Incoming request: GET /images/d1.jpg","service":"application-service"}
{"level":"info","message":"Incoming request: GET /images/icon1.png","service":"application-service"}
{"level":"info","message":"Incoming request: GET /regestration.html","service":"application-service"}
{"level":"info","message":"Incoming request: GET /styles.css","service":"application-service"}
{"level":"info","message":"Incoming request: GET /scripts.js","service":"application-service"}
{"level":"info","message":"Incoming request: POST /api/register","service":"application-service"}
{"level":"info","message":"Server running at http://localhost:3000","service":"application-service"}
{"level":"info","message":"Incoming request: GET /","service":"application-service"}
{"level":"info","message":"Incoming request: GET /scripts.js","service":"application-service"}
{"level":"info","message":"Incoming request: GET /styles.css","service":"application-service"}
{"level":"info","message":"Incoming request: GET /images/d1.jpg","service":"application-service"}
{"level":"info","message":"Incoming request: GET /images/icon1.png","service":"application-service"}
{"level":"info","message":"Server running at http://localhost:3000","service":"application-service"}
{"level":"info","message":"Incoming request: GET /","service":"application-service"}
{"level":"info","message":"Incoming request: GET /scripts.js","service":"application-service"}
{"level":"info","message":"Incoming request: GET /styles.css","service":"application-service"}
{"level":"info","message":"Incoming request: GET /images/d1.jpg","service":"application-service"}
{"level":"info","message":"Incoming request: GET /images/icon1.png","service":"application-service"}
{"level":"info","message":"Incoming request: GET /login.html","service":"application-service"}
{"level":"info","message":"Incoming request: GET /styles.css","service":"application-service"}
{"level":"info","message":"Incoming request: POST /api/login","service":"application-service"}
{"level":"info","message":"Incoming request: GET /welcome.html?username=test123","service":"application-service"}
{"level":"info","message":"Incoming request: GET /styles.css","service":"application-service"}
{"level":"info","message":"Incoming request: GET /index.html","service":"application-service"}
{"level":"info","message":"Incoming request: GET /scripts.js","service":"application-service"}
{"level":"info","message":"Incoming request: GET /styles.css","service":"application-service"}
{"level":"info","message":"Incoming request: GET /images/d1.jpg","service":"application-service"}
{"level":"info","message":"Incoming request: GET /images/icon1.png","service":"application-service"}
{"level":"info","message":"Incoming request: GET /api/search?term=%3Cscript%3Ealert%28%27XSS%27%29%3C%2Fscript%3E","service":"application-service"}
{"level":"info","message":"Incoming request: GET /","service":"application-service"}
{"level":"info","message":"Incoming request: GET /scripts.js","service":"application-service"}
{"level":"info","message":"Incoming request: GET /styles.css","service":"application-service"}
{"level":"info","message":"Incoming request: GET /images/d1.jpg","service":"application-service"}
{"level":"info","message":"Incoming request: GET /images/icon1.png","service":"application-service"}
{"level":"info","message":"Incoming request: GET /regestration.html","service":"application-service"}
{"level":"info","message":"Incoming request: GET /styles.css","service":"application-service"}
{"level":"info","message":"Incoming request: GET /scripts.js","service":"application-service"}
{"level":"info","message":"Server running at http://localhost:3000","service":"application-service"}
{"level":"info","message":"Incoming request: GET /","service":"application-service"}
{"level":"info","message":"Incoming request: GET /scripts.js","service":"application-service"}
{"level":"info","message":"Incoming request: GET /styles.css","service":"application-service"}
{"level":"info","message":"Incoming request: GET /images/d1.jpg","service":"application-service"}
{"level":"info","message":"Incoming request: GET /images/icon1.png","service":"application-service"}
{"level":"info","message":"Incoming request: GET /login.html","service":"application-service"}
{"level":"info","message":"Incoming request: GET /styles.css","service":"application-service"}
{"level":"info","message":"Incoming request: POST /api/login","service":"application-service"}
{"level":"info","message":"Incoming request: GET /login.html","service":"application-service"}
{"level":"info","message":"Incoming request: GET /styles.css","service":"application-service"}
{"level":"info","message":"Incoming request: POST /api/login","service":"application-service"}
{"level":"info","message":"Incoming request: GET /welcome.html?username=test123","service":"application-service"}
{"level":"info","message":"Incoming request: GET /styles.css","service":"application-service"}
{"level":"info","message":"Incoming request: GET /index.html","service":"application-service"}
{"level":"info","message":"Incoming request: GET /scripts.js","service":"application-service"}
{"level":"info","message":"Incoming request: GET /styles.css","service":"application-service"}
{"level":"info","message":"Incoming request: GET /images/d1.jpg","service":"application-service"}
{"level":"info","message":"Incoming request: GET /images/icon1.png","service":"application-service"}
{"level":"info","message":"Incoming request: GET /regestration.html","service":"application-service"}
{"level":"info","message":"Incoming request: GET /styles.css","service":"application-service"}
{"level":"info","message":"Incoming request: GET /scripts.js","service":"application-service"}
{"level":"info","message":"Incoming request: POST /api/register","service":"application-service"}
{"level":"info","message":"Incoming request: GET /api/search?term=%3Cscript%3Ealert%28%27XSS%27%29%3C%2Fscript%3E","service":"application-service"}
{"level":"info","message":"Server running at http://localhost:3000","service":"application-service"}
{"level":"info","message":"Incoming request: GET /","service":"application-service"}
{"level":"info","message":"Incoming request: GET /scripts.js","service":"application-service"}
{"level":"info","message":"Incoming request: GET /styles.css","service":"application-service"}
{"level":"info","message":"Incoming request: GET /images/d1.jpg","service":"application-service"}
{"level":"info","message":"Incoming request: GET /images/icon1.png","service":"application-service"}
{"level":"info","message":"Incoming request: GET /login.html","service":"application-service"}
{"level":"info","message":"Incoming request: GET /styles.css","service":"application-service"}
{"level":"info","message":"Incoming request: POST /api/login","service":"application-service"}
{"level":"info","message":"Incoming request: GET /login.html","service":"application-service"}
{"level":"info","message":"Incoming request: GET /styles.css","service":"application-service"}
{"level":"info","message":"Incoming request: POST /api/login","service":"application-service"}
{"level":"info","message":"Incoming request: GET /welcome.html?username=test123","service":"application-service"}
{"level":"info","message":"Incoming request: GET /styles.css","service":"application-service"}
{"level":"info","message":"Server running at http://localhost:3000","service":"application-service"}
{"level":"info","message":"Server running at http://localhost:3000","service":"application-service"}
{"level":"info","message":"Server running at http://localhost:3000","service":"application-service"}
{"level":"info","message":"Incoming request: GET /","service":"application-service"}
{"level":"info","message":"Incoming request: GET /scripts.js","service":"application-service"}
{"level":"info","message":"Incoming request: GET /styles.css","service":"application-service"}
{"level":"info","message":"Incoming request: GET /images/d1.jpg","service":"application-service"}
{"level":"info","message":"Incoming request: GET /images/icon1.png","service":"application-service"}
{"level":"info","message":"Incoming request: GET /login.html","service":"application-service"}
{"level":"info","message":"Incoming request: GET /styles.css","service":"application-service"}
{"level":"info","message":"Incoming request: POST /api/login","service":"application-service"}
{"level":"info","message":"Incoming request: GET /login.html","service":"application-service"}
{"level":"info","message":"Incoming request: GET /styles.css","service":"application-service"}
{"level":"info","message":"Incoming request: POST /api/login","service":"application-service"}
{"level":"info","message":"Incoming request: GET /welcome.html?username=test123","service":"application-service"}
{"level":"info","message":"Incoming request: GET /styles.css","service":"application-service"}
{"level":"info","message":"Server running at http://localhost:3000","service":"application-service"}
{"level":"info","message":"Incoming request: GET /","service":"application-service"}
{"level":"info","message":"Incoming request: GET /scripts.js","service":"application-service"}
{"level":"info","message":"Incoming request: GET /styles.css","service":"application-service"}
{"level":"info","message":"Incoming request: GET /images/d1.jpg","service":"application-service"}
{"level":"info","message":"Incoming request: GET /images/icon1.png","service":"application-service"}
{"level":"info","message":"Incoming request: GET /login.html","service":"application-service"}
{"level":"info","message":"Incoming request: GET /styles.css","service":"application-service"}
{"level":"info","message":"Incoming request: POST /api/login","service":"application-service"}
{"level":"info","message":"Incoming request: GET /login.html","service":"application-service"}
{"level":"info","message":"Incoming request: GET /styles.css","service":"application-service"}
{"level":"info","message":"Incoming request: POST /api/login","service":"application-service"}
{"level":"info","message":"Incoming request: GET /welcome.html?username=test123","service":"application-service"}
{"level":"info","message":"Incoming request: GET /styles.css","service":"application-service"}
{"level":"info","message":"Incoming request: GET /index.html","service":"application-service"}
{"level":"info","message":"Incoming request: GET /scripts.js","service":"application-service"}
{"level":"info","message":"Incoming request: GET /styles.css","service":"application-service"}
{"level":"info","message":"Incoming request: GET /images/d1.jpg","service":"application-service"}
{"level":"info","message":"Incoming request: GET /images/icon1.png","service":"application-service"}
{"level":"info","message":"Incoming request: GET /api/search?term=james123","service":"application-service"}
{"level":"info","message":"Incoming request: GET /","service":"application-service"}
{"level":"info","message":"Incoming request: GET /scripts.js","service":"application-service"}
{"level":"info","message":"Incoming request: GET /styles.css","service":"application-service"}
{"level":"info","message":"Incoming request: GET /images/d1.jpg","service":"application-service"}
{"level":"info","message":"Incoming request: GET /images/icon1.png","service":"application-service"}
{"level":"info","message":"Incoming request: GET /regestration.html","service":"application-service"}
{"level":"info","message":"Incoming request: GET /styles.css","service":"application-service"}
{"level":"info","message":"Incoming request: GET /scripts.js","service":"application-service"}
{"level":"info","message":"Incoming request: POST /api/register","service":"application-service"}
{"level":"info","message":"Server running at http://localhost:3000","service":"application-service"}
{"level":"info","message":"Incoming request: GET /","service":"application-service"}
{"level":"info","message":"Incoming request: GET /scripts.js","service":"application-service"}
{"level":"info","message":"Incoming request: GET /styles.css","service":"application-service"}
{"level":"info","message":"Incoming request: GET /images/d1.jpg","service":"application-service"}
{"level":"info","message":"Incoming request: GET /images/icon1.png","service":"application-service"}
{"level":"info","message":"Incoming request: GET /api/search?term=ss","service":"application-service"}
{"level":"info","message":"Incoming request: GET /","service":"application-service"}
{"level":"info","message":"Incoming request: GET /scripts.js","service":"application-service"}
{"level":"info","message":"Incoming request: GET /styles.css","service":"application-service"}
{"level":"info","message":"Incoming request: GET /images/d1.jpg","service":"application-service"}
{"level":"info","message":"Incoming request: GET /images/icon1.png","service":"application-service"}
{"level":"info","message":"Incoming request: GET /regestration.html","service":"application-service"}
{"level":"info","message":"Incoming request: GET /styles.css","service":"application-service"}
{"level":"info","message":"Incoming request: GET /scripts.js","service":"application-service"}
{"level":"info","message":"Server running at http://localhost:3000","service":"application-service"}
{"level":"info","message":"Incoming request: GET /","service":"application-service"}
{"level":"info","message":"Incoming request: GET /scripts.js","service":"application-service"}
{"level":"info","message":"Incoming request: GET /styles.css","service":"application-service"}
{"level":"info","message":"Incoming request: GET /images/d1.jpg","service":"application-service"}
{"level":"info","message":"Incoming request: GET /images/icon1.png","service":"application-service"}
{"level":"info","message":"Incoming request: GET /api/search?term=%3Cscript%3Ealert%28%27XSS%27%29%3C%2Fscript%3E","service":"application-service"}
{"level":"info","message":"Incoming request: GET /","service":"application-service"}
{"level":"info","message":"Incoming request: GET /scripts.js","service":"application-service"}
{"level":"info","message":"Incoming request: GET /styles.css","service":"application-service"}
{"level":"info","message":"Incoming request: GET /images/d1.jpg","service":"application-service"}
{"level":"info","message":"Incoming request: GET /images/icon1.png","service":"application-service"}
{"level":"info","message":"Incoming request: GET /login.html","service":"application-service"}
{"level":"info","message":"Incoming request: GET /styles.css","service":"application-service"}
{"level":"info","message":"Incoming request: POST /api/login","service":"application-service"}
{"level":"info","message":"Incoming request: GET /welcome.html?username=test123","service":"application-service"}
{"level":"info","message":"Incoming request: GET /styles.css","service":"application-service"}
{"level":"info","message":"Incoming request: GET /index.html","service":"application-service"}
{"level":"info","message":"Incoming request: GET /scripts.js","service":"application-service"}
{"level":"info","message":"Incoming request: GET /styles.css","service":"application-service"}
{"level":"info","message":"Incoming request: GET /images/d1.jpg","service":"application-service"}
{"level":"info","message":"Incoming request: GET /images/icon1.png","service":"application-service"}
{"level":"info","message":"Incoming request: GET /regestration.html","service":"application-service"}
{"level":"info","message":"Incoming request: GET /styles.css","service":"application-service"}
{"level":"info","message":"Incoming request: GET /scripts.js","service":"application-service"}
{"level":"info","message":"Incoming request: POST /api/register","service":"application-service"}
{"level":"info","message":"Server running at http://localhost:3000","service":"application-service"}
{"level":"info","message":"Incoming request: GET /","service":"application-service"}
{"level":"info","message":"Incoming request: GET /scripts.js","service":"application-service"}
{"level":"info","message":"Incoming request: GET /styles.css","service":"application-service"}
{"level":"info","message":"Incoming request: GET /images/d1.jpg","service":"application-service"}
{"level":"info","message":"Incoming request: GET /images/icon1.png","service":"application-service"}
{"level":"info","message":"Incoming request: GET /","service":"application-service"}
{"level":"info","message":"Incoming request: GET /robots.txt","service":"application-service"}
{"level":"info","message":"Incoming request: GET /","service":"application-service"}
{"level":"info","message":"Incoming request: GET /sitemap.xml","service":"application-service"}
{"level":"info","message":"Incoming request: GET /signup.html","service":"application-service"}
{"level":"info","message":"Incoming request: GET /login.html","service":"application-service"}
{"level":"info","message":"Incoming request: GET /styles.css","service":"application-service"}
{"level":"info","message":"Incoming request: GET /scripts.js","service":"application-service"}
{"level":"info","message":"Incoming request: GET /images/d1.jpg","service":"application-service"}
{"level":"info","message":"Incoming request: GET /images/icon1.png","service":"application-service"}
{"level":"info","message":"Incoming request: POST /api/login","service":"application-service"}
{"level":"info","message":"Incoming request: POST /api/signup","service":"application-service"}
{"level":"info","message":"Incoming request: GET /api/search?term=ZAP","service":"application-service"}
{"level":"info","message":"Incoming request: GET /api/login.html","service":"application-service"}
{"level":"info","message":"Incoming request: GET /4317854566202495097","service":"application-service"}
{"level":"info","message":"Incoming request: GET /api/3899456437037311441","service":"application-service"}
{"level":"info","message":"Incoming request: GET /images/2939572752387400855","service":"application-service"}
{"level":"info","message":"Incoming request: GET /WEB-INF/web.xml","service":"application-service"}
{"level":"info","message":"Incoming request: GET /WEB-INF/applicationContext.xml","service":"application-service"}
{"level":"info","message":"Incoming request: GET /WEB-INF/classes/web/xml.class","service":"application-service"}
{"level":"info","message":"Incoming request: GET /WEB-INF/classes/applicationContext/xml.class","service":"application-service"}
{"level":"info","message":"Incoming request: GET /?-s","service":"application-service"}
{"level":"info","message":"Incoming request: POST /?-d+allow_url_include%3d1+-d+auto_prepend_file%3dphp://input","service":"application-service"}
{"level":"info","message":"Incoming request: POST /?-d+allow_url_include%3d1+-d+auto_prepend_file%3dphp://input","service":"application-service"}
{"level":"info","message":"Incoming request: GET /","service":"application-service"}
{"level":"info","message":"Incoming request: GET /?class.module.classLoader.DefaultAssertionStatus=nonsense","service":"application-service"}
{"level":"info","message":"Incoming request: POST /","service":"application-service"}
{"level":"info","message":"Incoming request: GET /latest/meta-data/","service":"application-service"}
{"level":"info","message":"Incoming request: GET /latest/meta-data/","service":"application-service"}
{"level":"info","message":"Incoming request: GET /latest/meta-data/","service":"application-service"}
{"level":"info","message":"Incoming request: GET /latest/meta-data/","service":"application-service"}
{"level":"info","message":"Incoming request: GET /","service":"application-service"}
{"level":"info","message":"Incoming request: GET /elmah.axd","service":"application-service"}
{"level":"info","message":"Incoming request: GET /trace.axd","service":"application-service"}
{"level":"info","message":"Incoming request: GET /.htaccess","service":"application-service"}
{"level":"info","message":"Incoming request: GET /.env","service":"application-service"}
{"level":"info","message":"Incoming request: GET /lfm.php","service":"application-service"}
{"level":"info","message":"Incoming request: GET /actuator/health","service":"application-service"}
{"level":"info","message":"Incoming request: GET /.idea/WebServers.xml","service":"application-service"}
{"level":"info","message":"Incoming request: GET /actuator/health","service":"application-service"}
{"level":"info","message":"Incoming request: GET /config/databases.yml","service":"application-service"}
{"level":"info","message":"Incoming request: GET /config/database.yml","service":"application-service"}
{"level":"info","message":"Incoming request: GET /.git/config","service":"application-service"}
{"level":"info","message":"Incoming request: GET /.svn/entries","service":"application-service"}
{"level":"info","message":"Incoming request: GET /.svn/wc.db","service":"application-service"}
{"level":"info","message":"Incoming request: GET /CVS/root","service":"application-service"}
{"level":"info","message":"Incoming request: GET /server-status","service":"application-service"}
{"level":"info","message":"Incoming request: GET /core","service":"application-service"}
{"level":"info","message":"Incoming request: GET /sftp-config.json","service":"application-service"}
{"level":"info","message":"Incoming request: GET /WS_FTP.ini","service":"application-service"}
{"level":"info","message":"Incoming request: GET /ws_ftp.ini","service":"application-service"}
{"level":"info","message":"Incoming request: GET /WS_FTP.INI","service":"application-service"}
{"level":"info","message":"Incoming request: GET /filezilla.xml","service":"application-service"}
{"level":"info","message":"Incoming request: GET /sitemanager.xml","service":"application-service"}
{"level":"info","message":"Incoming request: GET /FileZilla.xml","service":"application-service"}
{"level":"info","message":"Incoming request: GET /winscp.ini","service":"application-service"}
{"level":"info","message":"Incoming request: GET /WinSCP.ini","service":"application-service"}
{"level":"info","message":"Incoming request: GET /.DS_Store","service":"application-service"}
{"level":"info","message":"Incoming request: GET /.php_cs.cache","service":"application-service"}
{"level":"info","message":"Incoming request: GET /DEADJOE","service":"application-service"}
{"level":"info","message":"Incoming request: GET /sites/default/private/files/backup_migrate/scheduled/test.txt","service":"application-service"}
{"level":"info","message":"Incoming request: GET /app/etc/local.xml","service":"application-service"}
{"level":"info","message":"Incoming request: GET /server.key","service":"application-service"}
{"level":"info","message":"Incoming request: GET /privatekey.key","service":"application-service"}
{"level":"info","message":"Incoming request: GET /myserver.key","service":"application-service"}
{"level":"info","message":"Incoming request: GET /key.pem","service":"application-service"}
{"level":"info","message":"Incoming request: GET /id_rsa","service":"application-service"}
{"level":"info","message":"Incoming request: GET /id_dsa","service":"application-service"}
{"level":"info","message":"Incoming request: GET /.ssh/id_rsa","service":"application-service"}
{"level":"info","message":"Incoming request: GET /.ssh/id_dsa","service":"application-service"}
{"level":"info","message":"Incoming request: GET /adminer.php","service":"application-service"}
{"level":"info","message":"Incoming request: GET /vb_test.php","service":"application-service"}
{"level":"info","message":"Incoming request: GET /CHANGELOG.txt","service":"application-service"}
{"level":"info","message":"Incoming request: GET /sites/default/files/.ht.sqlite","service":"application-service"}
{"level":"info","message":"Incoming request: GET /composer.json","service":"application-service"}
{"level":"info","message":"Incoming request: GET /composer.lock","service":"application-service"}
{"level":"info","message":"Incoming request: GET /vim_settings.xml","service":"application-service"}
{"level":"info","message":"Incoming request: GET /server-info","service":"application-service"}
{"level":"info","message":"Incoming request: GET /phpinfo.php","service":"application-service"}
{"level":"info","message":"Incoming request: GET /info.php","service":"application-service"}
{"level":"info","message":"Incoming request: GET /i.php","service":"application-service"}
{"level":"info","message":"Incoming request: GET /test.php","service":"application-service"}
{"level":"info","message":"Incoming request: GET /_wpeprivate/config.json","service":"application-service"}
{"level":"info","message":"Incoming request: GET /_framework/blazor.boot.json","service":"application-service"}
{"level":"info","message":"Incoming request: GET /.hg","service":"application-service"}
{"level":"info","message":"Incoming request: GET /.bzr","service":"application-service"}
{"level":"info","message":"Incoming request: GET /._darcs","service":"application-service"}
{"level":"info","message":"Incoming request: GET /BitKeeper","service":"application-service"}
{"level":"info","message":"Incoming request: GET /","service":"application-service"}
{"level":"info","message":"Incoming request: GET /","service":"application-service"}
{"level":"info","message":"Incoming request: GET /","service":"application-service"}
{"level":"info","message":"Incoming request: GET /","service":"application-service"}
{"level":"info","message":"Incoming request: GET /","service":"application-service"}
{"level":"info","message":"Incoming request: GET /","service":"application-service"}
{"level":"info","message":"Incoming request: GET /","service":"application-service"}
{"level":"info","message":"Incoming request: GET /","service":"application-service"}
{"level":"info","message":"Incoming request: GET /","service":"application-service"}
{"level":"info","message":"Incoming request: GET /","service":"application-service"}
{"level":"info","message":"Incoming request: GET /","service":"application-service"}
{"level":"info","message":"Incoming request: GET /","service":"application-service"}
{"level":"info","message":"Server running at http://localhost:3000","service":"application-service"}
{"level":"info","message":"Incoming request: GET /","service":"application-service"}
{"level":"info","message":"Incoming request: GET /scripts.js","service":"application-service"}
{"level":"info","message":"Incoming request: GET /styles.css","service":"application-service"}
{"level":"info","message":"Incoming request: GET /images/icon1.png","service":"application-service"}
{"level":"info","message":"Incoming request: GET /images/d1.jpg","service":"application-service"}
{"level":"info","message":"Incoming request: GET /api/search?term=sss","service":"application-service"}
{"level":"info","message":"Incoming request: GET /","service":"application-service"}
{"level":"info","message":"Incoming request: GET /scripts.js","service":"application-service"}
{"level":"info","message":"Incoming request: GET /styles.css","service":"application-service"}
{"level":"info","message":"Incoming request: GET /images/d1.jpg","service":"application-service"}
{"level":"info","message":"Incoming request: GET /images/icon1.png","service":"application-service"}
{"level":"info","message":"Incoming request: GET /login.html","service":"application-service"}
{"level":"info","message":"Incoming request: GET /styles.css","service":"application-service"}
{"level":"info","message":"Incoming request: POST /api/login","service":"application-service"}
{"level":"info","message":"Incoming request: GET /login.html","service":"application-service"}
{"level":"info","message":"Incoming request: GET /styles.css","service":"application-service"}
{"level":"info","message":"Incoming request: POST /api/login","service":"application-service"}
{"level":"info","message":"Incoming request: GET /welcome.html?username=test123","service":"application-service"}
{"level":"info","message":"Incoming request: GET /styles.css","service":"application-service"}
{"level":"info","message":"Incoming request: GET /index.html","service":"application-service"}
{"level":"info","message":"Incoming request: GET /scripts.js","service":"application-service"}
{"level":"info","message":"Incoming request: GET /styles.css","service":"application-service"}
{"level":"info","message":"Incoming request: GET /images/d1.jpg","service":"application-service"}
{"level":"info","message":"Incoming request: GET /images/icon1.png","service":"application-service"}
{"level":"info","message":"Server running at http://localhost:3000","service":"application-service"}
{"level":"info","message":"Incoming request: GET /","service":"application-service"}
{"level":"info","message":"Incoming request: GET /scripts.js","service":"application-service"}
{"level":"info","message":"Incoming request: GET /styles.css","service":"application-service"}
{"level":"info","message":"Incoming request: GET /images/d1.jpg","service":"application-service"}
{"level":"info","message":"Incoming request: GET /images/icon1.png","service":"application-service"}
{"level":"info","message":"Incoming request: GET /api/search?term=aaa","service":"application-service"}
{"level":"info","message":"Incoming request: GET /","service":"application-service"}
{"level":"info","message":"Incoming request: GET /scripts.js","service":"application-service"}
{"level":"info","message":"Incoming request: GET /styles.css","service":"application-service"}
{"level":"info","message":"Incoming request: GET /images/d1.jpg","service":"application-service"}
{"level":"info","message":"Incoming request: GET /images/icon1.png","service":"application-service"}
{"level":"info","message":"Incoming request: GET /login.html","service":"application-service"}
{"level":"info","message":"Incoming request: GET /styles.css","service":"application-service"}
{"level":"info","message":"Incoming request: POST /api/login","service":"application-service"}
{"level":"info","message":"Incoming request: GET /welcome.html?username=test123","service":"application-service"}
{"level":"info","message":"Incoming request: GET /styles.css","service":"application-service"}
{"level":"info","message":"Incoming request: GET /index.html","service":"application-service"}
{"level":"info","message":"Incoming request: GET /scripts.js","service":"application-service"}
{"level":"info","message":"Incoming request: GET /styles.css","service":"application-service"}
{"level":"info","message":"Incoming request: GET /images/d1.jpg","service":"application-service"}
{"level":"info","message":"Incoming request: GET /images/icon1.png","service":"application-service"}
{"level":"info","message":"Incoming request: GET /regestration.html","service":"application-service"}
{"level":"info","message":"Incoming request: GET /styles.css","service":"application-service"}
{"level":"info","message":"Incoming request: GET /scripts.js","service":"application-service"}
{"level":"info","message":"Server running at http://localhost:3000","service":"application-service"}
{"level":"info","message":"Incoming request: GET /","service":"application-service"}
{"level":"info","message":"Incoming request: GET /scripts.js","service":"application-service"}
{"level":"info","message":"Incoming request: GET /styles.css","service":"application-service"}
{"level":"info","message":"Incoming request: GET /images/d1.jpg","service":"application-service"}
{"level":"info","message":"Incoming request: GET /images/icon1.png","service":"application-service"}
{"level":"info","message":"Incoming request: GET /regestration.html","service":"application-service"}
{"level":"info","message":"Incoming request: GET /styles.css","service":"application-service"}
{"level":"info","message":"Incoming request: GET /scripts.js","service":"application-service"}
{"level":"info","message":"Incoming request: GET /login.html","service":"application-service"}
{"level":"info","message":"Incoming request: GET /styles.css","service":"application-service"}
{"level":"info","message":"Incoming request: POST /api/login","service":"application-service"}
{"level":"info","message":"Incoming request: GET /login.html","service":"application-service"}
{"level":"info","message":"Incoming request: GET /styles.css","service":"application-service"}
{"level":"info","message":"Incoming request: POST /api/login","service":"application-service"}
{"level":"info","message":"Incoming request: GET /welcome.html?username=test123","service":"application-service"}
{"level":"info","message":"Incoming request: GET /styles.css","service":"application-service"}
{"level":"info","message":"Incoming request: GET /index.html","service":"application-service"}
{"level":"info","message":"Incoming request: GET /scripts.js","service":"application-service"}
{"level":"info","message":"Incoming request: GET /styles.css","service":"application-service"}
{"level":"info","message":"Incoming request: GET /images/d1.jpg","service":"application-service"}
{"level":"info","message":"Incoming request: GET /images/icon1.png","service":"application-service"}
{"level":"info","message":"Incoming request: GET /","service":"application-service"}
{"level":"info","message":"Incoming request: GET /","service":"application-service"}
{"level":"info","message":"Incoming request: GET /sitemap.xml","service":"application-service"}
{"level":"info","message":"Incoming request: GET /robots.txt","service":"application-service"}
{"level":"info","message":"Incoming request: GET /signup.html","service":"application-service"}
{"level":"info","message":"Incoming request: GET /login.html","service":"application-service"}
{"level":"info","message":"Incoming request: GET /styles.css","service":"application-service"}
{"level":"info","message":"Incoming request: GET /scripts.js","service":"application-service"}
{"level":"info","message":"Incoming request: GET /images/d1.jpg","service":"application-service"}
{"level":"info","message":"Incoming request: GET /images/icon1.png","service":"application-service"}
{"level":"info","message":"Incoming request: GET /api/search?term=ZAP","service":"application-service"}
{"level":"info","message":"Incoming request: POST /api/signup","service":"application-service"}
{"level":"info","message":"Incoming request: POST /api/login","service":"application-service"}
{"level":"info","message":"Incoming request: GET /api/login.html","service":"application-service"}
{"level":"info","message":"Incoming request: GET /2156085921381912003","service":"application-service"}
{"level":"info","message":"Incoming request: GET /api/5665212080836373299","service":"application-service"}
{"level":"info","message":"Incoming request: GET /images/4932097150444809231","service":"application-service"}
{"level":"info","message":"Incoming request: GET /WEB-INF/web.xml","service":"application-service"}
{"level":"info","message":"Incoming request: GET /WEB-INF/applicationContext.xml","service":"application-service"}
{"level":"info","message":"Incoming request: GET /?-s","service":"application-service"}
{"level":"info","message":"Incoming request: GET /WEB-INF/classes/web/xml.class","service":"application-service"}
{"level":"info","message":"Incoming request: GET /WEB-INF/classes/applicationContext/xml.class","service":"application-service"}
{"level":"info","message":"Incoming request: POST /?-d+allow_url_include%3d1+-d+auto_prepend_file%3dphp://input","service":"application-service"}
{"level":"info","message":"Incoming request: POST /?-d+allow_url_include%3d1+-d+auto_prepend_file%3dphp://input","service":"application-service"}
{"level":"info","message":"Incoming request: GET /","service":"application-service"}
{"level":"info","message":"Incoming request: GET /?class.module.classLoader.DefaultAssertionStatus=nonsense","service":"application-service"}
{"level":"info","message":"Incoming request: POST /","service":"application-service"}
{"level":"info","message":"Incoming request: GET /latest/meta-data/","service":"application-service"}
{"level":"info","message":"Incoming request: GET /latest/meta-data/","service":"application-service"}
{"level":"info","message":"Incoming request: GET /latest/meta-data/","service":"application-service"}
{"level":"info","message":"Incoming request: GET /latest/meta-data/","service":"application-service"}
{"level":"info","message":"Incoming request: GET /","service":"application-service"}
{"level":"info","message":"Incoming request: GET /elmah.axd","service":"application-service"}
{"level":"info","message":"Incoming request: GET /trace.axd","service":"application-service"}
{"level":"info","message":"Incoming request: GET /lfm.php","service":"application-service"}
{"level":"info","message":"Incoming request: GET /actuator/health","service":"application-service"}
{"level":"info","message":"Incoming request: GET /actuator/health","service":"application-service"}
{"level":"info","message":"Incoming request: GET /config/databases.yml","service":"application-service"}
{"level":"info","message":"Incoming request: GET /config/database.yml","service":"application-service"}
{"level":"info","message":"Incoming request: GET /CVS/root","service":"application-service"}
{"level":"info","message":"Incoming request: GET /server-status","service":"application-service"}
{"level":"info","message":"Incoming request: GET /core","service":"application-service"}
{"level":"info","message":"Incoming request: GET /sftp-config.json","service":"application-service"}
{"level":"info","message":"Incoming request: GET /WS_FTP.ini","service":"application-service"}
{"level":"info","message":"Incoming request: GET /ws_ftp.ini","service":"application-service"}
{"level":"info","message":"Incoming request: GET /WS_FTP.INI","service":"application-service"}
{"level":"info","message":"Incoming request: GET /filezilla.xml","service":"application-service"}
{"level":"info","message":"Incoming request: GET /sitemanager.xml","service":"application-service"}
{"level":"info","message":"Incoming request: GET /FileZilla.xml","service":"application-service"}
{"level":"info","message":"Incoming request: GET /winscp.ini","service":"application-service"}
{"level":"info","message":"Incoming request: GET /WinSCP.ini","service":"application-service"}
{"level":"info","message":"Incoming request: GET /DEADJOE","service":"application-service"}
{"level":"info","message":"Incoming request: GET /sites/default/private/files/backup_migrate/scheduled/test.txt","service":"application-service"}
{"level":"info","message":"Incoming request: GET /app/etc/local.xml","service":"application-service"}
{"level":"info","message":"Incoming request: GET /server.key","service":"application-service"}
{"level":"info","message":"Incoming request: GET /privatekey.key","service":"application-service"}
{"level":"info","message":"Incoming request: GET /myserver.key","service":"application-service"}
{"level":"info","message":"Incoming request: GET /key.pem","service":"application-service"}
{"level":"info","message":"Incoming request: GET /id_rsa","service":"application-service"}
{"level":"info","message":"Incoming request: GET /id_dsa","service":"application-service"}
{"level":"info","message":"Incoming request: GET /adminer.php","service":"application-service"}
{"level":"info","message":"Incoming request: GET /vb_test.php","service":"application-service"}
{"level":"info","message":"Incoming request: GET /CHANGELOG.txt","service":"application-service"}
{"level":"info","message":"Incoming request: GET /sites/default/files/.ht.sqlite","service":"application-service"}
{"level":"info","message":"Incoming request: GET /composer.json","service":"application-service"}
{"level":"info","message":"Incoming request: GET /composer.lock","service":"application-service"}
{"level":"info","message":"Incoming request: GET /vim_settings.xml","service":"application-service"}
{"level":"info","message":"Incoming request: GET /server-info","service":"application-service"}
{"level":"info","message":"Incoming request: GET /phpinfo.php","service":"application-service"}
{"level":"info","message":"Incoming request: GET /info.php","service":"application-service"}
{"level":"info","message":"Incoming request: GET /i.php","service":"application-service"}
{"level":"info","message":"Incoming request: GET /test.php","service":"application-service"}
{"level":"info","message":"Incoming request: GET /_wpeprivate/config.json","service":"application-service"}
{"level":"info","message":"Incoming request: GET /_framework/blazor.boot.json","service":"application-service"}
{"level":"info","message":"Incoming request: GET /BitKeeper","service":"application-service"}
{"level":"info","message":"Incoming request: GET /","service":"application-service"}
{"level":"info","message":"Incoming request: GET /","service":"application-service"}
{"level":"info","message":"Incoming request: GET /","service":"application-service"}
{"level":"info","message":"Incoming request: GET /","service":"application-service"}
{"level":"info","message":"Incoming request: GET /","service":"application-service"}
{"level":"info","message":"Incoming request: GET /","service":"application-service"}
{"level":"info","message":"Incoming request: GET /","service":"application-service"}
{"level":"info","message":"Incoming request: GET /","service":"application-service"}
{"level":"info","message":"Incoming request: GET /","service":"application-service"}
{"level":"info","message":"Incoming request: GET /","service":"application-service"}
{"level":"info","message":"Incoming request: GET /","service":"application-service"}
{"level":"info","message":"Incoming request: GET /","service":"application-service"}
{"level":"info","message":"Server running at http://localhost:3000","service":"application-service"}
{"level":"info","message":"Incoming request: GET /","service":"application-service"}
{"level":"info","message":"Incoming request: GET /scripts.js","service":"application-service"}
{"level":"info","message":"Incoming request: GET /styles.css","service":"application-service"}
{"level":"info","message":"Incoming request: GET /images/d1.jpg","service":"application-service"}
{"level":"info","message":"Incoming request: GET /images/icon1.png","service":"application-service"}
{"level":"info","message":"Incoming request: GET /login.html","service":"application-service"}
{"level":"info","message":"Incoming request: GET /styles.css","service":"application-service"}
{"level":"info","message":"Incoming request: POST /api/login","service":"application-service"}
{"level":"info","message":"Incoming request: GET /login.html","service":"application-service"}
{"level":"info","message":"Incoming request: GET /styles.css","service":"application-service"}
{"level":"info","message":"Incoming request: POST /api/login","service":"application-service"}
{"level":"info","message":"Incoming request: GET /welcome.html?username=test123","service":"application-service"}
{"level":"info","message":"Incoming request: GET /styles.css","service":"application-service"}
{"level":"info","message":"Incoming request: GET /index.html","service":"application-service"}
{"level":"info","message":"Incoming request: GET /scripts.js","service":"application-service"}
{"level":"info","message":"Incoming request: GET /styles.css","service":"application-service"}
{"level":"info","message":"Incoming request: GET /images/d1.jpg","service":"application-service"}
{"level":"info","message":"Incoming request: GET /images/icon1.png","service":"application-service"}
{"level":"info","message":"Incoming request: GET /regestration.html","service":"application-service"}
{"level":"info","message":"Incoming request: GET /styles.css","service":"application-service"}
{"level":"info","message":"Incoming request: GET /scripts.js","service":"application-service"}
{"level":"info","message":"Incoming request: POST /api/register","service":"application-service"}
